<?xml version="1.0" encoding="UTF-8"?>
<!-- Generated by org.testng.reporters.JUnitReportReporter -->
<testsuite hostname="Akshay" failures="0" tests="1" name="inetBankingV2.inetBankingV2.AppTest" time="0.001" errors="0" timestamp="2022-04-18T13:10:05 IST" skipped="0">
  <testcase classname="inetBankingV2.inetBankingV2.AppTest" name="testApp" time="0.001"/>
  <system-out/>
</testsuite> <!-- inetBankingV2.inetBankingV2.AppTest -->
