<?xml version="1.0" encoding="UTF-8"?>
<!-- Generated by org.testng.reporters.JUnitReportReporter -->
<testsuite hostname="Akshay" failures="0" tests="1" name="com.inetbanking.testCases.TC001_LoginTest" time="6.662" errors="0" timestamp="2022-04-14T15:05:30 IST" skipped="0">
  <testcase classname="com.inetbanking.testCases.TC001_LoginTest" name="loginTest" time="6.662"/>
  <system-out>
    <![CDATA[Guru99 Bank Manager HomePage]]>
  </system-out>
</testsuite> <!-- com.inetbanking.testCases.TC001_LoginTest -->
